#-----------------------------------------------------------
# xsim v2024.2 (64-bit)
# SW Build 5239630 on Fri Nov 08 22:34:34 MST 2024
# IP Build 5239520 on Sun Nov 10 16:12:51 MST 2024
# SharedData Build 5239561 on Fri Nov 08 14:39:27 MST 2024
# Start of session at: Mon Jun  2 01:51:09 2025
# Process ID         : 5710
# Current directory  : /home/abhishek-revoor/Desktop/Thesis/rwu-rv64i-master/sim
# Command line       : xsim -mode tcl -source {xsim.dir/tb_rv64i_snapshot/xsim_script.tcl}
# Log file           : /home/abhishek-revoor/Desktop/Thesis/rwu-rv64i-master/sim/xsim.log
# Journal file       : /home/abhishek-revoor/Desktop/Thesis/rwu-rv64i-master/sim/xsim.jou
# Running On         : abhishek-revoor-PC
# Platform           : Ubuntu
# Operating System   : Ubuntu 24.04.2 LTS
# Processor Detail   : Intel(R) Core(TM) i5-8400 CPU @ 2.80GHz
# CPU Frequency      : 3204.743 MHz
# CPU Physical cores : 6
# CPU Logical cores  : 6
# Host memory        : 16702 MB
# Swap memory        : 4294 MB
# Total Virtual      : 20997 MB
# Available Virtual  : 18366 MB
#-----------------------------------------------------------
source xsim.dir/tb_rv64i_snapshot/xsim_script.tcl
# xsim {tb_rv64i_snapshot} -autoloadwcfg -tclbatch {./xsim_cfg.tcl}
Time resolution is 1 ps
source ./xsim_cfg.tcl
## log_wave -recursive * -v
WARNING: [Simtcl 6-142] log_wave skipped an HDL object or scope because of this problem: WARNING: Simulation object /tb_rv64i/get_time/get_time was not traceable in the design for the following reason:
Vivado Simulator does not support tracing of System Verilog Dynamic Type object.

## run all
CS detected
Instr 19 - add 2 positives without overflow: 0x89
CS detected
Instr 19 - add 2 positives without overflow: 0x89
CS detected
Instr 19 - add 2 positives without overflow: 0x89
CS detected
Instr 19 - add 2 positives without overflow: 0x89
CS detected
Instr 19 - add 2 positives without overflow: 0x89
CS detected
Instr 19 - add 2 positives without overflow: 0x89
CS detected
Instr 19 - add 2 positives without overflow: 0x89
CS detected
Instr 19 - add 2 positives without overflow: 0x89
CS detected
Instr 19 - add 2 positives without overflow: 0x89
CS detected
Instr 19 - add 2 positives without overflow: 0x89
CS detected
Instr 19 - add 2 positives without overflow: 0x89
CS detected
Instr 19 - add 2 positives without overflow: 0x89
CS detected
Instr 19 - add 2 positives without overflow: 0x89
CS detected
Instr 19 - add 2 positives without overflow: 0x89
CS detected
Instr 19 - add 2 positives without overflow: 0x89
CS detected
Instr 19 - add 2 positives without overflow: 0x89
CS detected
Instr 19 - add 2 positives without overflow: 0x89
CS detected
Instr 19 - add 2 positives without overflow: 0x89
CS detected
Instr 19 - add 2 positives without overflow: 0x89
CS detected
Instr 19 - add 2 positives without overflow: 0x89
CS detected
Instr 19 - add 2 positives without overflow: 0x89
CS detected
Instr 19 - add 2 positives without overflow: 0x89
CS detected
Instr 19 - add 2 positives without overflow: 0x89
CS detected
Instr 19 - add 2 positives without overflow: 0x89
CS detected
Instr 19 - add 2 positives without overflow: 0x89
CS detected
Instr 19 - add 2 positives without overflow: 0x89
CS detected
Instr 19 - add 2 positives without overflow: 0x89
CS detected
Instr 19 - add 2 positives without overflow: 0x89
CS detected
Instr 19 - add 2 positives without overflow: 0x89
CS detected
Instr 19 - add 2 positives without overflow: 0x89
CS detected
Instr 19 - add 2 positives without overflow: 0x89
CS detected
Instr 19 - add 2 positives without overflow: 0x89
CS detected
Instr 19 - add 2 positives without overflow: 0x89
CS detected
Instr 19 - add 2 positives without overflow: 0x89
CS detected
Instr 19 - add 2 positives without overflow: 0x89
CS detected
Instr 19 - add 2 positives without overflow: 0x89
CS detected
Instr 19 - add 2 positives without overflow: 0x89
CS detected
Instr 19 - add 2 positives without overflow: 0x89
CS detected
Instr 19 - add 2 positives without overflow: 0x89
CS detected
Instr 19 - add 2 positives without overflow: 0x89
CS detected
Instr 19 - add 2 positives without overflow: 0x89
CS detected
Instr 19 - add 2 positives without overflow: 0x89
CS detected
Instr 19 - add 2 positives without overflow: 0x89
CS detected
Instr 19 - add 2 positives without overflow: 0x89
CS detected
Instr 19 - add 2 positives without overflow: 0x89
CS detected
Instr 19 - add 2 positives without overflow: 0x89
CS detected
Instr 19 - add 2 positives without overflow: 0x89
CS detected
Instr 19 - add 2 positives without overflow: 0x89
CS detected
Instr 19 - add 2 positives without overflow: 0x89
CS detected
Instr 19 - add 2 positives without overflow: 0x89
CS detected
Instr 19 - add 2 positives without overflow: 0x89
CS detected
Instr 19 - add 2 positives without overflow: 0x89
CS detected
Instr 19 - add 2 positives without overflow: 0x89
CS detected
Instr 19 - add 2 positives without overflow: 0x89
CS detected
Instr 19 - add 2 positives without overflow: 0x89
CS detected
Instr 19 - add 2 positives without overflow: 0x89
CS detected
Instr 19 - add 2 positives without overflow: 0x89
CS detected
Instr 19 - add 2 positives without overflow: 0x89
CS detected
Instr 19 - add 2 positives without overflow: 0x89
CS detected
Instr 19 - add 2 positives without overflow: 0x89
CS detected
Instr 19 - add 2 positives without overflow: 0x89
CS detected
Instr 19 - add 2 positives without overflow: 0x89
CS detected
Instr 19 - add 2 positives without overflow: 0x89
CS detected
Instr 19 - add 2 positives without overflow: 0x89
CS detected
Instr 19 - add 2 positives without overflow: 0x89
CS detected
Instr 19 - add 2 positives without overflow: 0x89
CS detected
Instr 19 - add 2 positives without overflow: 0x89
CS detected
Instr 19 - add 2 positives without overflow: 0x89
CS detected
Instr 19 - add 2 positives without overflow: 0x89
CS detected
Instr 19 - add 2 positives without overflow: 0x89
CS detected
Instr 19 - add 2 positives without overflow: 0x89
CS detected
Instr 19 - add 2 positives without overflow: 0x89
CS detected
Instr 19 - add 2 positives without overflow: 0x89
CS detected
Instr 19 - add 2 positives without overflow: 0x89
CS detected
Instr 19 - add 2 positives without overflow: 0x89
CS detected
Instr 19 - add 2 positives without overflow: 0x89
CS detected
Instr 19 - add 2 positives without overflow: 0x89
CS detected
Instr 19 - add 2 positives without overflow: 0x89
CS detected
Instr 19 - add 2 positives without overflow: 0x89
CS detected
Instr 19 - add 2 positives without overflow: 0x89
CS detected
Instr 19 - add 2 negatives without overflow: 0x77
CS detected
Instr 19 - add 2 negatives without overflow: 0x77
CS detected
Instr 19 - add 2 negatives without overflow: 0x77
CS detected
Instr 19 - add 2 negatives without overflow: 0x77
CS detected
Instr 19 - add 2 negatives without overflow: 0x77
CS detected
Instr 19 - add 2 negatives without overflow: 0x77
CS detected
Instr 19 - add 2 negatives without overflow: 0x77
CS detected
Instr 19 - add 2 negatives without overflow: 0x77
CS detected
Instr 19 - add 2 negatives without overflow: 0x77
CS detected
Instr 19 - add 2 negatives without overflow: 0x77
CS detected
Instr 19 - add 2 negatives without overflow: 0x77
CS detected
Instr 19 - add 2 negatives without overflow: 0x77
CS detected
Instr 19 - add 2 negatives without overflow: 0x77
CS detected
Instr 19 - add 2 negatives without overflow: 0x77
CS detected
Instr 19 - add 2 negatives without overflow: 0x77
CS detected
Instr 19 - add 2 negatives without overflow: 0x77
CS detected
Instr 19 - add 2 negatives without overflow: 0x77
CS detected
Instr 19 - add 2 negatives without overflow: 0x77
CS detected
Instr 19 - add 2 negatives without overflow: 0x77
CS detected
Instr 19 - add 2 negatives without overflow: 0x77
CS detected
Instr 19 - add 2 negatives without overflow: 0x77
CS detected
Instr 19 - add 2 negatives without overflow: 0x77
CS detected
Instr 19 - add 2 negatives without overflow: 0x77
CS detected
Instr 19 - add 2 negatives without overflow: 0x77
CS detected
Instr 19 - add 2 negatives without overflow: 0x77
CS detected
Instr 19 - add 2 negatives without overflow: 0x77
CS detected
Instr 19 - add 2 negatives without overflow: 0x77
CS detected
Instr 19 - add 2 negatives without overflow: 0x77
CS detected
Instr 19 - add 2 negatives without overflow: 0x77
CS detected
Instr 19 - add 2 negatives without overflow: 0x77
CS detected
Instr 19 - add 2 negatives without overflow: 0x77
CS detected
Instr 19 - add 2 negatives without overflow: 0x77
CS detected
Instr 19 - add 2 negatives without overflow: 0x77
CS detected
Instr 19 - add 2 negatives without overflow: 0x77
CS detected
Instr 19 - add 2 negatives without overflow: 0x77
CS detected
Instr 19 - add 2 negatives without overflow: 0x77
CS detected
Instr 19 - add 2 negatives without overflow: 0x77
CS detected
Instr 19 - add 2 negatives without overflow: 0x77
CS detected
Instr 19 - add 2 negatives without overflow: 0x77
CS detected
Instr 19 - add 2 negatives without overflow: 0x77
CS detected
Instr 19 - add 2 negatives without overflow: 0x77
CS detected
Instr 19 - add 2 negatives without overflow: 0x77
CS detected
Instr 19 - add 2 negatives without overflow: 0x77
CS detected
Instr 19 - add 2 negatives without overflow: 0x77
CS detected
Instr 19 - add 2 negatives without overflow: 0x77
CS detected
Instr 19 - add 2 negatives without overflow: 0x77
CS detected
Instr 19 - add 2 negatives without overflow: 0x77
CS detected
Instr 19 - add 2 negatives without overflow: 0x77
CS detected
Instr 19 - add 2 negatives without overflow: 0x77
CS detected
Instr 19 - add 2 negatives without overflow: 0x77
CS detected
Instr 19 - add 2 negatives without overflow: 0x77
CS detected
Instr 19 - add 2 negatives without overflow: 0x77
CS detected
Instr 19 - add 2 negatives without overflow: 0x77
CS detected
Instr 19 - add 2 negatives without overflow: 0x77
CS detected
Instr 19 - add 2 negatives without overflow: 0x77
CS detected
Instr 19 - add 2 negatives without overflow: 0x77
CS detected
Instr 19 - add 2 negatives without overflow: 0x77
CS detected
Instr 19 - add 2 negatives without overflow: 0x77
CS detected
Instr 19 - add 2 negatives without overflow: 0x77
CS detected
Instr 19 - add 2 negatives without overflow: 0x77
CS detected
Instr 19 - add 2 negatives without overflow: 0x77
CS detected
Instr 19 - add 2 negatives without overflow: 0x77
CS detected
Instr 19 - add 2 negatives without overflow: 0x77
CS detected
Instr 19 - add 2 negatives without overflow: 0x77
CS detected
Instr 19 - add 2 negatives without overflow: 0x77
CS detected
Instr 19 - add 2 negatives without overflow: 0x77
CS detected
Instr 19 - add 2 negatives without overflow: 0x77
CS detected
Instr 19 - add 2 negatives without overflow: 0x77
CS detected
Instr 19 - add 2 negatives without overflow: 0x77
CS detected
Instr 19 - add 2 negatives without overflow: 0x77
CS detected
Instr 19 - add 2 negatives without overflow: 0x77
CS detected
Instr 19 - add 2 negatives without overflow: 0x77
CS detected
Instr 19 - add 2 negatives without overflow: 0x77
CS detected
Instr 19 - add 2 negatives without overflow: 0x77
CS detected
Instr 19 - add 2 negatives without overflow: 0x77
CS detected
Instr 19 - add 2 negatives without overflow: 0x77
CS detected
Instr 19 - add 2 negatives without overflow: 0x77
CS detected
Instr 19 - add 2 negatives without overflow: 0x77
CS detected
Instr 19 - add 2 negatives without overflow: 0x77
CS detected
Instr 19 - add 2 negatives without overflow: 0x77
CS detected
Instr 19 - add 2 positives with overflow: 0x1
CS detected
Instr 19 - add 2 positives with overflow: 0x1
CS detected
Instr 19 - add 2 positives with overflow: 0x1
CS detected
Instr 19 - add 2 positives with overflow: 0x1
CS detected
Instr 19 - add 2 positives with overflow: 0x1
CS detected
Instr 19 - add 2 positives with overflow: 0x1
CS detected
Instr 19 - add 2 positives with overflow: 0x1
CS detected
Instr 19 - add 2 positives with overflow: 0x1
CS detected
Instr 19 - add 2 positives with overflow: 0x1
CS detected
Instr 19 - add 2 positives with overflow: 0x1
CS detected
Instr 19 - add 2 positives with overflow: 0x1
CS detected
Instr 19 - add 2 positives with overflow: 0x1
CS detected
Instr 19 - add 2 positives with overflow: 0x1
CS detected
Instr 19 - add 2 positives with overflow: 0x1
CS detected
Instr 19 - add 2 positives with overflow: 0x1
CS detected
Instr 19 - add 2 positives with overflow: 0x1
CS detected
Instr 19 - add 2 positives with overflow: 0x1
CS detected
Instr 19 - add 2 positives with overflow: 0x1
CS detected
Instr 19 - add 2 positives with overflow: 0x1
CS detected
Instr 19 - add 2 positives with overflow: 0x1
CS detected
Instr 19 - add 2 positives with overflow: 0x1
CS detected
Instr 19 - add 2 positives with overflow: 0x1
CS detected
Instr 19 - add 2 positives with overflow: 0x1
CS detected
Instr 19 - add 2 positives with overflow: 0x1
CS detected
Instr 19 - add 2 positives with overflow: 0x1
CS detected
Instr 19 - add 2 positives with overflow: 0x1
CS detected
Instr 19 - add 2 positives with overflow: 0x1
CS detected
Instr 19 - add 2 positives with overflow: 0x1
CS detected
Instr 19 - add 2 positives with overflow: 0x1
CS detected
Instr 19 - add 2 positives with overflow: 0x1
CS detected
Instr 19 - add 2 positives with overflow: 0x1
CS detected
Instr 19 - add 2 positives with overflow: 0x1
CS detected
Instr 19 - add 2 positives with overflow: 0x1
CS detected
Instr 19 - add 2 positives with overflow: 0x1
CS detected
Instr 19 - add 2 positives with overflow: 0x1
CS detected
Instr 19 - add 2 positives with overflow: 0x1
CS detected
Instr 19 - add 2 positives with overflow: 0x1
CS detected
Instr 19 - add 2 positives with overflow: 0x1
CS detected
Instr 19 - add 2 positives with overflow: 0x1
CS detected
Instr 19 - add 2 positives with overflow: 0x1
CS detected
Instr 19 - add 2 positives with overflow: 0x1
CS detected
Instr 19 - add 2 positives with overflow: 0x1
CS detected
Instr 19 - add 2 positives with overflow: 0x1
CS detected
Instr 19 - add 2 positives with overflow: 0x1
CS detected
Instr 19 - add 2 positives with overflow: 0x1
CS detected
Instr 19 - add 2 positives with overflow: 0x1
CS detected
Instr 19 - add 2 positives with overflow: 0x1
CS detected
Instr 19 - add 2 positives with overflow: 0x1
CS detected
Instr 19 - add 2 positives with overflow: 0x1
CS detected
Instr 19 - add 2 positives with overflow: 0x1
CS detected
Instr 19 - add 2 positives with overflow: 0x1
CS detected
Instr 19 - add 2 positives with overflow: 0x1
CS detected
Instr 19 - add 2 positives with overflow: 0x1
CS detected
Instr 19 - add 2 positives with overflow: 0x1
CS detected
Instr 19 - add 2 positives with overflow: 0x1
CS detected
Instr 19 - add 2 positives with overflow: 0x1
CS detected
Instr 19 - add 2 positives with overflow: 0x1
CS detected
Instr 19 - add 2 positives with overflow: 0x1
CS detected
Instr 19 - add 2 positives with overflow: 0x1
CS detected
Instr 19 - add 2 positives with overflow: 0x1
CS detected
Instr 19 - add 2 positives with overflow: 0x1
CS detected
Instr 19 - add 2 positives with overflow: 0x1
CS detected
Instr 19 - add 2 positives with overflow: 0x1
CS detected
Instr 19 - add 2 positives with overflow: 0x1
CS detected
Instr 19 - add 2 positives with overflow: 0x1
CS detected
Instr 19 - add 2 positives with overflow: 0x1
CS detected
Instr 19 - add 2 positives with overflow: 0x1
CS detected
Instr 19 - add 2 positives with overflow: 0x1
CS detected
Instr 19 - add 2 positives with overflow: 0x1
CS detected
Instr 19 - add 2 positives with overflow: 0x1
CS detected
Instr 19 - add 2 positives with overflow: 0x1
CS detected
Instr 19 - add 2 positives with overflow: 0x1
CS detected
Instr 19 - add 2 positives with overflow: 0x1
CS detected
Instr 19 - add 2 positives with overflow: 0x1
CS detected
Instr 19 - add 2 positives with overflow: 0x1
CS detected
Instr 19 - add 2 positives with overflow: 0x1
CS detected
Instr 19 - add 2 positives with overflow: 0x1
CS detected
Instr 19 - add 2 positives with overflow: 0x1
CS detected
Instr 19 - add 2 positives with overflow: 0x1
CS detected
Instr 19 - add 2 positives with overflow: 0x1
CS detected
Instr 19 - add 2 negatives with overflow: 0xfe
Simulation succeeded
$stop called at time : 29005 ns : File "/home/abhishek-revoor/Desktop/Thesis/rwu-rv64i-master/tb/tb_rv64i.sv" Line 79
## exit
INFO: [Common 17-206] Exiting xsim at Mon Jun  2 01:51:17 2025...
