INFO: [VRFC 10-2263] Analyzing SystemVerilog file "/home/abhishek-revoor/Desktop/Thesis/rwu-rv64i-master/src/as_pack.sv" into library work
INFO: [VRFC 10-2263] Analyzing SystemVerilog file "/home/abhishek-revoor/Desktop/Thesis/rwu-rv64i-master/src/asRegFile.sv" into library work
INFO: [VRFC 10-311] analyzing module as_regfile
INFO: [VRFC 10-2263] Analyzing SystemVerilog file "/home/abhishek-revoor/Desktop/Thesis/rwu-rv64i-master/src/asAdd.sv" into library work
INFO: [VRFC 10-311] analyzing module as_adder
INFO: [VRFC 10-2263] Analyzing SystemVerilog file "/home/abhishek-revoor/Desktop/Thesis/rwu-rv64i-master/src/asDMemBack.sv" into library work
INFO: [VRFC 10-311] analyzing module as_dmem_back
INFO: [VRFC 10-2263] Analyzing SystemVerilog file "/home/abhishek-revoor/Desktop/Thesis/rwu-rv64i-master/src/asDMemFront.sv" into library work
INFO: [VRFC 10-311] analyzing module as_dmem_front
INFO: [VRFC 10-2263] Analyzing SystemVerilog file "/home/abhishek-revoor/Desktop/Thesis/rwu-rv64i-master/src/asDMemCore.sv" into library work
INFO: [VRFC 10-311] analyzing module as_dmem_core
INFO: [VRFC 10-2263] Analyzing SystemVerilog file "/home/abhishek-revoor/Desktop/Thesis/rwu-rv64i-master/src/asDMem.sv" into library work
INFO: [VRFC 10-311] analyzing module as_dmem
INFO: [VRFC 10-2263] Analyzing SystemVerilog file "/home/abhishek-revoor/Desktop/Thesis/rwu-rv64i-master/src/asIMem.sv" into library work
INFO: [VRFC 10-311] analyzing module as_imem
INFO: [VRFC 10-2263] Analyzing SystemVerilog file "/home/abhishek-revoor/Desktop/Thesis/rwu-rv64i-master/src/asImmGen.sv" into library work
INFO: [VRFC 10-311] analyzing module as_immgen
INFO: [VRFC 10-2263] Analyzing SystemVerilog file "/home/abhishek-revoor/Desktop/Thesis/rwu-rv64i-master/src/asMux2.sv" into library work
INFO: [VRFC 10-311] analyzing module as_mux2
INFO: [VRFC 10-2263] Analyzing SystemVerilog file "/home/abhishek-revoor/Desktop/Thesis/rwu-rv64i-master/src/asMux3.sv" into library work
INFO: [VRFC 10-311] analyzing module as_mux3
INFO: [VRFC 10-2263] Analyzing SystemVerilog file "/home/abhishek-revoor/Desktop/Thesis/rwu-rv64i-master/src/asPC.sv" into library work
INFO: [VRFC 10-311] analyzing module as_pc
INFO: [VRFC 10-2263] Analyzing SystemVerilog file "/home/abhishek-revoor/Desktop/Thesis/rwu-rv64i-master/src/asAluRV.sv" into library work
INFO: [VRFC 10-311] analyzing module as_alurv
INFO: [VRFC 10-2263] Analyzing SystemVerilog file "/home/abhishek-revoor/Desktop/Thesis/rwu-rv64i-master/src/asControlAll.sv" into library work
INFO: [VRFC 10-311] analyzing module as_controlall
INFO: [VRFC 10-2263] Analyzing SystemVerilog file "/home/abhishek-revoor/Desktop/Thesis/rwu-rv64i-master/src/asDelReg.sv" into library work
INFO: [VRFC 10-311] analyzing module as_delay_reg
INFO: [VRFC 10-2263] Analyzing SystemVerilog file "/home/abhishek-revoor/Desktop/Thesis/rwu-rv64i-master/ip_jtag/src/tap_fsm.sv" into library work
INFO: [VRFC 10-311] analyzing module tap_fsm
INFO: [VRFC 10-2263] Analyzing SystemVerilog file "/home/abhishek-revoor/Desktop/Thesis/rwu-rv64i-master/ip_jtag/src/ir_cell.sv" into library work
INFO: [VRFC 10-311] analyzing module ir_cell
INFO: [VRFC 10-2263] Analyzing SystemVerilog file "/home/abhishek-revoor/Desktop/Thesis/rwu-rv64i-master/ip_jtag/src/dr_cell.sv" into library work
INFO: [VRFC 10-311] analyzing module dr_cell
INFO: [VRFC 10-2263] Analyzing SystemVerilog file "/home/abhishek-revoor/Desktop/Thesis/rwu-rv64i-master/ip_jtag/src/scan_cell.sv" into library work
INFO: [VRFC 10-311] analyzing module scan_cell
INFO: [VRFC 10-2263] Analyzing SystemVerilog file "/home/abhishek-revoor/Desktop/Thesis/rwu-rv64i-master/ip_jtag/src/by_cell.sv" into library work
INFO: [VRFC 10-311] analyzing module by_cell
INFO: [VRFC 10-2263] Analyzing SystemVerilog file "/home/abhishek-revoor/Desktop/Thesis/rwu-rv64i-master/ip_jtag/src/ir_reg.sv" into library work
INFO: [VRFC 10-311] analyzing module ir_reg
INFO: [VRFC 10-2263] Analyzing SystemVerilog file "/home/abhishek-revoor/Desktop/Thesis/rwu-rv64i-master/ip_jtag/src/dr_reg.sv" into library work
INFO: [VRFC 10-311] analyzing module dr_reg
INFO: [VRFC 10-2263] Analyzing SystemVerilog file "/home/abhishek-revoor/Desktop/Thesis/rwu-rv64i-master/ip_jtag/src/ir_decode.sv" into library work
INFO: [VRFC 10-311] analyzing module ir_decode
INFO: [VRFC 10-2263] Analyzing SystemVerilog file "/home/abhishek-revoor/Desktop/Thesis/rwu-rv64i-master/ip_jtag/src/jtag.sv" into library work
INFO: [VRFC 10-311] analyzing module jtag
INFO: [VRFC 10-2263] Analyzing SystemVerilog file "/home/abhishek-revoor/Desktop/Thesis/rwu-rv64i-master/src/asMBpi.sv" into library work
INFO: [VRFC 10-311] analyzing module as_master_bpi
INFO: [VRFC 10-2263] Analyzing SystemVerilog file "/home/abhishek-revoor/Desktop/Thesis/rwu-rv64i-master/src/asSBpi.sv" into library work
INFO: [VRFC 10-311] analyzing module as_slave_bpi
INFO: [VRFC 10-2263] Analyzing SystemVerilog file "/home/abhishek-revoor/Desktop/Thesis/rwu-rv64i-master/src/asGpio.sv" into library work
INFO: [VRFC 10-311] analyzing module as_gpio
INFO: [VRFC 10-2263] Analyzing SystemVerilog file "/home/abhishek-revoor/Desktop/Thesis/rwu-rv64i-master/src/asGpioTop.sv" into library work
INFO: [VRFC 10-311] analyzing module as_gpio_top
INFO: [VRFC 10-2263] Analyzing SystemVerilog file "/home/abhishek-revoor/Desktop/Thesis/rwu-rv64i-master/src/asCPU.sv" into library work
INFO: [VRFC 10-311] analyzing module as_cpu
INFO: [VRFC 10-2263] Analyzing SystemVerilog file "/home/abhishek-revoor/Desktop/Thesis/rwu-rv64i-master/src/asTopMem.sv" into library work
INFO: [VRFC 10-311] analyzing module as_top_mem
INFO: [VRFC 10-2263] Analyzing SystemVerilog file "/home/abhishek-revoor/Desktop/Thesis/rwu-rv64i-master/src/asDecode.sv" into library work
INFO: [VRFC 10-311] analyzing module as_decode
INFO: [VRFC 10-2263] Analyzing SystemVerilog file "/home/abhishek-revoor/Desktop/Thesis/rwu-rv64i-master/src/asSBpiMem.sv" into library work
INFO: [VRFC 10-311] analyzing module as_slave_bpi_mem
INFO: [VRFC 10-2263] Analyzing SystemVerilog file "/home/abhishek-revoor/Desktop/Thesis/rwu-rv64i-master/src/asCguCore.sv" into library work
INFO: [VRFC 10-311] analyzing module as_cgucore
INFO: [VRFC 10-2263] Analyzing SystemVerilog file "/home/abhishek-revoor/Desktop/Thesis/rwu-rv64i-master/src/asCgu.sv" into library work
INFO: [VRFC 10-311] analyzing module as_cgu
INFO: [VRFC 10-2263] Analyzing SystemVerilog file "/home/abhishek-revoor/Desktop/Thesis/rwu-rv64i-master/tb/tb_regfile.sv" into library work
INFO: [VRFC 10-311] analyzing module tb_regfile
INFO: [VRFC 10-2263] Analyzing SystemVerilog file "/home/abhishek-revoor/Desktop/Thesis/rwu-rv64i-master/tb/tb_alu.sv" into library work
INFO: [VRFC 10-311] analyzing module tb_alu
INFO: [VRFC 10-2263] Analyzing SystemVerilog file "/home/abhishek-revoor/Desktop/Thesis/rwu-rv64i-master/tb/tb_alurv.sv" into library work
INFO: [VRFC 10-311] analyzing module tb_alurv
INFO: [VRFC 10-2263] Analyzing SystemVerilog file "/home/abhishek-revoor/Desktop/Thesis/rwu-rv64i-master/tb/tb_control.sv" into library work
INFO: [VRFC 10-311] analyzing module tb_control
INFO: [VRFC 10-2263] Analyzing SystemVerilog file "/home/abhishek-revoor/Desktop/Thesis/rwu-rv64i-master/tb/tb_rv64i.sv" into library work
INFO: [VRFC 10-311] analyzing module tb_rv64i
